Caso 0
=============================
Nombre  YES   NO       Total 
=============================


Caso 1
=============================
Nombre  YES   NO       Total 
=============================


Caso 2
=============================
Nombre  YES   NO       Total 
=============================


Caso 3
=============================
Nombre  YES   NO       Total 
=============================


P(Yes)=0/0
P(No)=0/0
Prob_x = -nan
Prob_n = -nan
Prob_x = -nan
Prob_n = -nan
Respuesta: es la clase 0=No
